<?xml version="1.0" encoding="UTF-8"?>
<testsuite xmlns:xsi="http://www.w3.org/2001/XMLSchema-instance" xsi:noNamespaceSchemaLocation="https://maven.apache.org/surefire/maven-surefire-plugin/xsd/surefire-test-report.xsd" version="3.0.2" name="com.scaler.capstone.controllers.ProductControllerMvcTest" time="0.319" tests="3" errors="2" skipped="0" failures="1">
  <properties>
[...]
</properties>
  <testcase name="Test_GetProductById_ProductServiceCAlledWithCorrectArguments_RunsSuccessfully" classname="com.scaler.capstone.controllers.ProductControllerMvcTest" time="0.016">
    <error message="&#10;Argument passed to verify() should be a mock but is null!&#10;Examples of correct verifications:&#10;    verify(mock).someMethod();&#10;    verify(mock, times(10)).someMethod();&#10;    verify(mock, atLeastOnce()).someMethod();&#10;    not: verify(mock.someMethod());&#10;Also, if you use @Mock annotation don&apos;t miss openMocks()" type="org.mockito.exceptions.misusing.NullInsteadOfMockException"><![CDATA[org.mockito.exceptions.misusing.NullInsteadOfMockException: 

Argument passed to verify() should be a mock but is null!
Examples of correct verifications:
    verify(mock).someMethod();
    verify(mock, times(10)).someMethod();
    verify(mock, atLeastOnce()).someMethod();
    not: verify(mock.someMethod());
Also, if you use @Mock annotation don't miss openMocks()
	at com.scaler.capstone.controllers.ProductControllerMvcTest.Test_GetProductById_ProductServiceCAlledWithCorrectArguments_RunsSuccessfully(ProductControllerMvcTest.java:115)
	at java.base/java.lang.reflect.Method.invoke(Method.java:568)
	at java.base/java.util.ArrayList.forEach(ArrayList.java:1511)
	at java.base/java.util.ArrayList.forEach(ArrayList.java:1511)
]]></error>
    <system-out><![CDATA[2025-01-31T21:11:35.015+05:30  INFO 5223 --- [scaler_capstone_project] [           main] t.c.s.AnnotationConfigContextLoaderUtils : Could not detect default configuration classes for test class [com.scaler.capstone.controllers.ProductControllerMvcTest]: ProductControllerMvcTest does not declare any static, non-private, non-final, nested classes annotated with @Configuration.
2025-01-31T21:11:35.033+05:30  INFO 5223 --- [scaler_capstone_project] [           main] .b.t.c.SpringBootTestContextBootstrapper : Found @SpringBootConfiguration com.scaler.capstone.ScalerCapstoneProjectApplication for test class com.scaler.capstone.controllers.ProductControllerMvcTest
2025-01-31T21:11:35.040+05:30  INFO 5223 --- [scaler_capstone_project] [           main] o.s.b.d.r.RestartApplicationListener     : Restart disabled due to context in which it is running

  .   ____          _            __ _ _
 /\\ / ___'_ __ _ _(_)_ __  __ _ \ \ \ \
( ( )\___ | '_ | '_| | '_ \/ _` | \ \ \ \
 \\/  ___)| |_)| | | | | || (_| |  ) ) ) )
  '  |____| .__|_| |_|_| |_\__, | / / / /
 =========|_|==============|___/=/_/_/_/

 :: Spring Boot ::                (v3.4.0)

2025-01-31T21:11:35.050+05:30  INFO 5223 --- [scaler_capstone_project] [           main] c.s.c.c.ProductControllerMvcTest         : Starting ProductControllerMvcTest using Java 17.0.11 with PID 5223 (started by nitinkalokhe in /Users/nitinkalokhe/Ni3/spring_boot_proj/scaler_capstone_project)
2025-01-31T21:11:35.050+05:30  INFO 5223 --- [scaler_capstone_project] [           main] c.s.c.c.ProductControllerMvcTest         : No active profile set, falling back to 1 default profile: "default"
2025-01-31T21:11:35.224+05:30  INFO 5223 --- [scaler_capstone_project] [           main] o.s.b.t.m.w.SpringBootMockServletContext : Initializing Spring TestDispatcherServlet ''
2025-01-31T21:11:35.224+05:30  INFO 5223 --- [scaler_capstone_project] [           main] o.s.t.web.servlet.TestDispatcherServlet  : Initializing Servlet ''
2025-01-31T21:11:35.226+05:30  INFO 5223 --- [scaler_capstone_project] [           main] o.s.t.web.servlet.TestDispatcherServlet  : Completed initialization in 0 ms
2025-01-31T21:11:35.235+05:30  INFO 5223 --- [scaler_capstone_project] [           main] c.s.c.c.ProductControllerMvcTest         : Started ProductControllerMvcTest in 0.195 seconds (process running for 11.664)
]]></system-out>
  </testcase>
  <testcase name="Test_CreateProduct_RunsSuccessfully" classname="com.scaler.capstone.controllers.ProductControllerMvcTest" time="0.057">
    <error message="Request processing failed: java.lang.NullPointerException: Cannot invoke &quot;java.lang.Double.doubleValue()&quot; because the return value of &quot;com.scaler.capstone.dtos.ProductDto.getPrice()&quot; is null" type="jakarta.servlet.ServletException"><![CDATA[jakarta.servlet.ServletException: Request processing failed: java.lang.NullPointerException: Cannot invoke "java.lang.Double.doubleValue()" because the return value of "com.scaler.capstone.dtos.ProductDto.getPrice()" is null
	at org.springframework.web.servlet.FrameworkServlet.processRequest(FrameworkServlet.java:1022)
	at org.springframework.web.servlet.FrameworkServlet.doPost(FrameworkServlet.java:914)
	at jakarta.servlet.http.HttpServlet.service(HttpServlet.java:590)
	at org.springframework.web.servlet.FrameworkServlet.service(FrameworkServlet.java:885)
	at org.springframework.test.web.servlet.TestDispatcherServlet.service(TestDispatcherServlet.java:72)
	at jakarta.servlet.http.HttpServlet.service(HttpServlet.java:658)
	at org.springframework.mock.web.MockFilterChain$ServletFilterProxy.doFilter(MockFilterChain.java:165)
	at org.springframework.mock.web.MockFilterChain.doFilter(MockFilterChain.java:132)
	at org.springframework.web.filter.RequestContextFilter.doFilterInternal(RequestContextFilter.java:100)
	at org.springframework.web.filter.OncePerRequestFilter.doFilter(OncePerRequestFilter.java:116)
	at org.springframework.test.web.servlet.setup.MockMvcFilterDecorator.doFilter(MockMvcFilterDecorator.java:162)
	at org.springframework.mock.web.MockFilterChain.doFilter(MockFilterChain.java:132)
	at org.springframework.web.filter.FormContentFilter.doFilterInternal(FormContentFilter.java:93)
	at org.springframework.web.filter.OncePerRequestFilter.doFilter(OncePerRequestFilter.java:116)
	at org.springframework.test.web.servlet.setup.MockMvcFilterDecorator.doFilter(MockMvcFilterDecorator.java:162)
	at org.springframework.mock.web.MockFilterChain.doFilter(MockFilterChain.java:132)
	at org.springframework.web.filter.CharacterEncodingFilter.doFilterInternal(CharacterEncodingFilter.java:201)
	at org.springframework.web.filter.OncePerRequestFilter.doFilter(OncePerRequestFilter.java:116)
	at org.springframework.test.web.servlet.setup.MockMvcFilterDecorator.doFilter(MockMvcFilterDecorator.java:162)
	at org.springframework.mock.web.MockFilterChain.doFilter(MockFilterChain.java:132)
	at org.springframework.test.web.servlet.MockMvc.perform(MockMvc.java:201)
	at com.scaler.capstone.controllers.ProductControllerMvcTest.Test_CreateProduct_RunsSuccessfully(ProductControllerMvcTest.java:92)
	at java.base/java.lang.reflect.Method.invoke(Method.java:568)
	at java.base/java.util.ArrayList.forEach(ArrayList.java:1511)
	at java.base/java.util.ArrayList.forEach(ArrayList.java:1511)
Caused by: java.lang.NullPointerException: Cannot invoke "java.lang.Double.doubleValue()" because the return value of "com.scaler.capstone.dtos.ProductDto.getPrice()" is null
	at com.scaler.capstone.controllers.ProductController._createProduct(ProductController.java:86)
	at com.scaler.capstone.controllers.ProductController.createProduct(ProductController.java:73)
	at java.base/jdk.internal.reflect.NativeMethodAccessorImpl.invoke0(Native Method)
	at java.base/jdk.internal.reflect.NativeMethodAccessorImpl.invoke(NativeMethodAccessorImpl.java:77)
	at java.base/jdk.internal.reflect.DelegatingMethodAccessorImpl.invoke(DelegatingMethodAccessorImpl.java:43)
	at java.base/java.lang.reflect.Method.invoke(Method.java:568)
	at org.springframework.web.method.support.InvocableHandlerMethod.doInvoke(InvocableHandlerMethod.java:255)
	at org.springframework.web.method.support.InvocableHandlerMethod.invokeForRequest(InvocableHandlerMethod.java:188)
	at org.springframework.web.servlet.mvc.method.annotation.ServletInvocableHandlerMethod.invokeAndHandle(ServletInvocableHandlerMethod.java:118)
	at org.springframework.web.servlet.mvc.method.annotation.RequestMappingHandlerAdapter.invokeHandlerMethod(RequestMappingHandlerAdapter.java:986)
	at org.springframework.web.servlet.mvc.method.annotation.RequestMappingHandlerAdapter.handleInternal(RequestMappingHandlerAdapter.java:891)
	at org.springframework.web.servlet.mvc.method.AbstractHandlerMethodAdapter.handle(AbstractHandlerMethodAdapter.java:87)
	at org.springframework.web.servlet.DispatcherServlet.doDispatch(DispatcherServlet.java:1088)
	at org.springframework.web.servlet.DispatcherServlet.doService(DispatcherServlet.java:978)
	at org.springframework.web.servlet.FrameworkServlet.processRequest(FrameworkServlet.java:1014)
	... 24 more
]]></error>
  </testcase>
  <testcase name="Test_GetAllProducts_RunsSuccessfully" classname="com.scaler.capstone.controllers.ProductControllerMvcTest" time="0.018">
    <failure message="Response content expected:&lt;[{&quot;id&quot;:1,&quot;name&quot;:&quot;Test Product&quot;,&quot;description&quot;:&quot;Test Description&quot;,&quot;price&quot;:0.0},{&quot;id&quot;:2,&quot;name&quot;:&quot;Test Product2&quot;,&quot;description&quot;:&quot;Test Description2&quot;,&quot;price&quot;:0.0}]&gt; but was:&lt;[{&quot;id&quot;:1,&quot;title&quot;:&quot;Test Product&quot;,&quot;price&quot;:0.0,&quot;description&quot;:&quot;Test Description&quot;,&quot;category&quot;:&quot;null&quot;},{&quot;id&quot;:2,&quot;title&quot;:&quot;Test Product2&quot;,&quot;price&quot;:0.0,&quot;description&quot;:&quot;Test Description2&quot;,&quot;category&quot;:&quot;null&quot;}]&gt;" type="java.lang.AssertionError"><![CDATA[java.lang.AssertionError: Response content expected:<[{"id":1,"name":"Test Product","description":"Test Description","price":0.0},{"id":2,"name":"Test Product2","description":"Test Description2","price":0.0}]> but was:<[{"id":1,"title":"Test Product","price":0.0,"description":"Test Description","category":"null"},{"id":2,"title":"Test Product2","price":0.0,"description":"Test Description2","category":"null"}]>
	at org.springframework.test.util.AssertionErrors.fail(AssertionErrors.java:61)
	at org.springframework.test.util.AssertionErrors.assertEquals(AssertionErrors.java:128)
	at org.springframework.test.web.servlet.result.ContentResultMatchers.lambda$string$4(ContentResultMatchers.java:148)
	at org.springframework.test.web.servlet.MockMvc$1.andExpect(MockMvc.java:214)
	at com.scaler.capstone.controllers.ProductControllerMvcTest.Test_GetAllProducts_RunsSuccessfully(ProductControllerMvcTest.java:67)
	at java.base/java.lang.reflect.Method.invoke(Method.java:568)
	at java.base/java.util.ArrayList.forEach(ArrayList.java:1511)
	at java.base/java.util.ArrayList.forEach(ArrayList.java:1511)
]]></failure>
    <system-out><![CDATA[
MockHttpServletRequest:
      HTTP Method = GET
      Request URI = /products
       Parameters = {}
          Headers = []
             Body = null
    Session Attrs = {}

Handler:
             Type = com.scaler.capstone.controllers.ProductController
           Method = com.scaler.capstone.controllers.ProductController#getAllProducts()

Async:
    Async started = false
     Async result = null

Resolved Exception:
             Type = null

ModelAndView:
        View name = null
             View = null
            Model = null

FlashMap:
       Attributes = null

MockHttpServletResponse:
           Status = 200
    Error message = null
          Headers = [Content-Type:"application/json"]
     Content type = application/json
             Body = [{"id":1,"title":"Test Product","price":0.0,"description":"Test Description","category":"null"},{"id":2,"title":"Test Product2","price":0.0,"description":"Test Description2","category":"null"}]
    Forwarded URL = null
   Redirected URL = null
          Cookies = []
]]></system-out>
  </testcase>
</testsuite>